<?xml version="1.0" encoding="UTF-8"?>
<testsuite name="com.puzzlix.solid_task.domain.IssueServiceTest" tests="1" skipped="0" failures="0" errors="0" timestamp="2025-10-13T01:49:37.680Z" hostname="DESKTOP-8N3GG4O" time="0.93">
  <properties/>
  <testcase name="새로운 이슈를 성공적으로 생성한다(연관관계 포함)" classname="com.puzzlix.solid_task.domain.IssueServiceTest" time="0.93"/>
  <system-out><![CDATA[]]></system-out>
  <system-err><![CDATA[Mockito is currently self-attaching to enable the inline-mock-maker. This will no longer work in future releases of the JDK. Please add Mockito as an agent to your build as described in Mockito's documentation: https://javadoc.io/doc/org.mockito/mockito-core/latest/org.mockito/org/mockito/Mockito.html#0.3
WARNING: A Java agent has been loaded dynamically (C:\Users\GGG\.gradle\caches\modules-2\files-2.1\net.bytebuddy\byte-buddy-agent\1.17.7\fbf3d6d649ed37fc9e9c59480a05be0a26e3c2da\byte-buddy-agent-1.17.7.jar)
WARNING: If a serviceability tool is in use, please run with -XX:+EnableDynamicAgentLoading to hide this warning
WARNING: If a serviceability tool is not in use, please run with -Djdk.instrument.traceUsage for more information
WARNING: Dynamic loading of agents will be disallowed by default in a future release
]]></system-err>
</testsuite>
